#
# There is insufficient memory for the Java Runtime Environment to continue.
# Native memory allocation (malloc) failed to allocate 32744 bytes. Error detail: Chunk::new
# Possible reasons:
#   The system is out of physical RAM or swap space
#   This process is running with CompressedOops enabled, and the Java Heap may be blocking the growth of the native heap
# Possible solutions:
#   Reduce memory load on the system
#   Increase physical memory or swap space
#   Check if swap backing store is full
#   Decrease Java heap size (-Xmx/-Xms)
#   Decrease number of Java threads
#   Decrease Java thread stack sizes (-Xss)
#   Set larger code cache with -XX:ReservedCodeCacheSize=
#   JVM is running with Unscaled Compressed Oops mode in which the Java heap is
#     placed in the first 4GB address space. The Java Heap base address is the
#     maximum limit for the native heap growth. Please use -XX:HeapBaseMinAddress
#     to set the Java Heap base and to place the Java Heap above 4GB virtual address.
# This output file may be truncated or incomplete.
#
#  Out of Memory Error (arena.cpp:168), pid=11320, tid=9140
#
# JRE version: OpenJDK Runtime Environment Temurin-21.0.8+9 (21.0.8+9) (build 21.0.8+9-LTS)
# Java VM: OpenJDK 64-Bit Server VM Temurin-21.0.8+9 (21.0.8+9-LTS, mixed mode, sharing, tiered, compressed oops, compressed class ptrs, parallel gc, windows-amd64)
# No core dump will be written. Minidumps are not enabled by default on client versions of Windows
#

---------------  S U M M A R Y ------------

Command Line: --add-modules=ALL-SYSTEM --add-opens=java.base/java.util=ALL-UNNAMED --add-opens=java.base/java.lang=ALL-UNNAMED --add-opens=java.base/sun.nio.fs=ALL-UNNAMED -Declipse.application=org.eclipse.jdt.ls.core.id1 -Dosgi.bundles.defaultStartLevel=4 -Declipse.product=org.eclipse.jdt.ls.core.product -Djava.import.generatesMetadataFilesAtProjectRoot=false -DDetectVMInstallationsJob.disabled=true -Dfile.encoding=utf8 -XX:+UseParallelGC -XX:GCTimeRatio=4 -XX:AdaptiveSizePolicyWeight=90 -Dsun.zip.disableMemoryMapping=true -Xmx2G -Xms100m -Xlog:disable -javaagent:c:\Users\qwesi\.vscode\extensions\redhat.java-1.46.0-win32-x64\lombok\lombok-1.18.39-4050.jar -XX:+HeapDumpOnOutOfMemoryError -XX:HeapDumpPath=c:\Users\qwesi\AppData\Roaming\Code\User\workspaceStorage\d4f70dcdbf749b9a43e054d05833256d\redhat.java -Daether.dependencyCollector.impl=bf c:\Users\qwesi\.vscode\extensions\redhat.java-1.46.0-win32-x64\server\plugins\org.eclipse.equinox.launcher_1.7.0.v20250519-0528.jar -configuration c:\Users\qwesi\AppData\Roaming\Code\User\globalStorage\redhat.java\1.46.0\config_win -data c:\Users\qwesi\AppData\Roaming\Code\User\workspaceStorage\d4f70dcdbf749b9a43e054d05833256d\redhat.java\jdt_ws --pipe=\\.\pipe\lsp-5134b8de0363ea0e77d2fa447b2dc522-sock

Host: Intel(R) Celeron(R) N4020 CPU @ 1.10GHz, 2 cores, 3G,  Windows 11 , 64 bit Build 22000 (10.0.22000.318)
Time: Wed Oct 29 14:59:20 2025 Greenwich Standard Time elapsed time: 55.330232 seconds (0d 0h 0m 55s)

---------------  T H R E A D  ---------------

Current thread (0x00000163e3b11a50):  JavaThread "C2 CompilerThread0" daemon [_thread_in_native, id=9140, stack(0x000000624d400000,0x000000624d500000) (1024K)]


Current CompileTask:
C2:55330 2105       4       java.util.HashSet::add (20 bytes)

Stack: [0x000000624d400000,0x000000624d500000]
Native frames: (J=compiled Java code, j=interpreted, Vv=VM code, C=native code)
V  [jvm.dll+0x6d2449]
V  [jvm.dll+0x8ae341]
V  [jvm.dll+0x8b08be]
V  [jvm.dll+0x8b0fa3]
V  [jvm.dll+0x280c96]
V  [jvm.dll+0xc581d]
V  [jvm.dll+0xc5d53]
V  [jvm.dll+0x6fdcaa]
V  [jvm.dll+0x1e14d6]
V  [jvm.dll+0x249022]
V  [jvm.dll+0x2484af]
V  [jvm.dll+0x1c89ee]
V  [jvm.dll+0x257d4d]
V  [jvm.dll+0x2562ea]
V  [jvm.dll+0x3f2d16]
V  [jvm.dll+0x857e6b]
V  [jvm.dll+0x6d0b0d]
C  [ucrtbase.dll+0x26c0c]
C  [KERNEL32.DLL+0x154e0]
C  [ntdll.dll+0x485b]


---------------  P R O C E S S  ---------------

Threads class SMR info:
_java_thread_list=0x00000163e44c3ce0, length=15, elements={
0x00000163cd16ba80, 0x00000163e3b06880, 0x00000163e3b07e00, 0x00000163e3b0b810,
0x00000163e3b0e370, 0x00000163e3b0edc0, 0x00000163e3b10c20, 0x00000163e3b11a50,
0x00000163e3b86e20, 0x00000163e3c01030, 0x00000163e4391ab0, 0x00000163e4232ec0,
0x00000163e4281da0, 0x00000163e452c350, 0x00000163e452c9b0
}

Java Threads: ( => current thread )
  0x00000163cd16ba80 JavaThread "main"                              [_thread_blocked, id=2084, stack(0x000000624ca00000,0x000000624cb00000) (1024K)]
  0x00000163e3b06880 JavaThread "Reference Handler"          daemon [_thread_blocked, id=1264, stack(0x000000624ce00000,0x000000624cf00000) (1024K)]
  0x00000163e3b07e00 JavaThread "Finalizer"                  daemon [_thread_blocked, id=15308, stack(0x000000624cf00000,0x000000624d000000) (1024K)]
  0x00000163e3b0b810 JavaThread "Signal Dispatcher"          daemon [_thread_blocked, id=10748, stack(0x000000624d000000,0x000000624d100000) (1024K)]
  0x00000163e3b0e370 JavaThread "Attach Listener"            daemon [_thread_blocked, id=15008, stack(0x000000624d100000,0x000000624d200000) (1024K)]
  0x00000163e3b0edc0 JavaThread "Service Thread"             daemon [_thread_blocked, id=11704, stack(0x000000624d200000,0x000000624d300000) (1024K)]
  0x00000163e3b10c20 JavaThread "Monitor Deflation Thread"   daemon [_thread_blocked, id=6532, stack(0x000000624d300000,0x000000624d400000) (1024K)]
=>0x00000163e3b11a50 JavaThread "C2 CompilerThread0"         daemon [_thread_in_native, id=9140, stack(0x000000624d400000,0x000000624d500000) (1024K)]
  0x00000163e3b86e20 JavaThread "C1 CompilerThread0"         daemon [_thread_blocked, id=14392, stack(0x000000624d500000,0x000000624d600000) (1024K)]
  0x00000163e3c01030 JavaThread "Common-Cleaner"             daemon [_thread_blocked, id=9992, stack(0x000000624d600000,0x000000624d700000) (1024K)]
  0x00000163e4391ab0 JavaThread "Notification Thread"        daemon [_thread_blocked, id=14620, stack(0x000000624d700000,0x000000624d800000) (1024K)]
  0x00000163e4232ec0 JavaThread "Active Thread: Equinox Container: a8fb76d1-d895-4f1f-bd67-85236e16e83a"        [_thread_in_vm, id=10304, stack(0x000000624d900000,0x000000624da00000) (1024K)]
  0x00000163e4281da0 JavaThread "Refresh Thread: Equinox Container: a8fb76d1-d895-4f1f-bd67-85236e16e83a" daemon [_thread_blocked, id=10812, stack(0x000000624da00000,0x000000624db00000) (1024K)]
  0x00000163e452c350 JavaThread "Framework Event Dispatcher: Equinox Container: a8fb76d1-d895-4f1f-bd67-85236e16e83a" daemon [_thread_blocked, id=5164, stack(0x000000624db00000,0x000000624dc00000) (1024K)]
  0x00000163e452c9b0 JavaThread "Start Level: Equinox Container: a8fb76d1-d895-4f1f-bd67-85236e16e83a" daemon [_thread_in_native, id=14184, stack(0x000000624dc00000,0x000000624dd00000) (1024K)]
Total: 15

Other Threads:
  0x00000163e3ae79a0 VMThread "VM Thread"                           [id=14648, stack(0x000000624cd00000,0x000000624ce00000) (1024K)]
  0x00000163e3aa1ae0 WatcherThread "VM Periodic Task Thread"        [id=7948, stack(0x000000624cc00000,0x000000624cd00000) (1024K)]
  0x00000163cd189f40 WorkerThread "GC Thread#0"                     [id=13860, stack(0x000000624cb00000,0x000000624cc00000) (1024K)]
  0x00000163e47cc460 WorkerThread "GC Thread#1"                     [id=6964, stack(0x000000624d800000,0x000000624d900000) (1024K)]
Total: 4

Threads with active compile tasks:
C2 CompilerThread0  55397 2105       4       java.util.HashSet::add (20 bytes)
Total: 1

VM state: not at safepoint (normal execution)

VM Mutex/Monitor currently owned by a thread: None

Heap address: 0x0000000080000000, size: 2048 MB, Compressed Oops mode: 32-bit

CDS archive(s) mapped at: [0x0000016380000000-0x0000016380ba0000-0x0000016380ba0000), size 12189696, SharedBaseAddress: 0x0000016380000000, ArchiveRelocationMode: 1.
Compressed class space mapped at: 0x0000016381000000-0x00000163c1000000, reserved size: 1073741824
Narrow klass base: 0x0000016380000000, Narrow klass shift: 0, Narrow klass range: 0x100000000

GC Precious Log:
 CardTable entry size: 512
 CPUs: 2 total, 2 available
 Memory: 3916M
 Large Page Support: Disabled
 NUMA Support: Disabled
 Compressed Oops: Enabled (32-bit)
 Alignments: Space 512K, Generation 512K, Heap 2M
 Heap Min Capacity: 100M
 Heap Initial Capacity: 100M
 Heap Max Capacity: 2G
 Pre-touch: Disabled
 Parallel Workers: 2

Heap:
 PSYoungGen      total 29696K, used 23507K [0x00000000d5580000, 0x00000000d7680000, 0x0000000100000000)
  eden space 25600K, 75% used [0x00000000d5580000,0x00000000d6876f40,0x00000000d6e80000)
  from space 4096K, 99% used [0x00000000d7280000,0x00000000d767de28,0x00000000d7680000)
  to   space 4096K, 0% used [0x00000000d6e80000,0x00000000d6e80000,0x00000000d7280000)
 ParOldGen       total 68608K, used 1728K [0x0000000080000000, 0x0000000084300000, 0x00000000d5580000)
  object space 68608K, 2% used [0x0000000080000000,0x00000000801b0318,0x0000000084300000)
 Metaspace       used 9409K, committed 9728K, reserved 1114112K
  class space    used 1003K, committed 1152K, reserved 1048576K

Card table byte_map: [0x00000163ccb20000,0x00000163ccf30000] _byte_map_base: 0x00000163cc720000

Marking Bits: (ParMarkBitMap*) 0x00007ffb5c6da340
 Begin Bits: [0x00000163df620000, 0x00000163e1620000)
 End Bits:   [0x00000163e1620000, 0x00000163e3620000)

Polling page: 0x00000163cb040000

Metaspace:

Usage:
  Non-class:      8.21 MB used.
      Class:   1003.62 KB used.
       Both:      9.19 MB used.

Virtual space:
  Non-class space:       64.00 MB reserved,       8.38 MB ( 13%) committed,  1 nodes.
      Class space:        1.00 GB reserved,       1.12 MB ( <1%) committed,  1 nodes.
             Both:        1.06 GB reserved,       9.50 MB ( <1%) committed. 

Chunk freelists:
   Non-Class:  6.85 MB
       Class:  14.79 MB
        Both:  21.63 MB

MaxMetaspaceSize: unlimited
CompressedClassSpaceSize: 1.00 GB
Initial GC threshold: 21.00 MB
Current GC threshold: 21.00 MB
CDS: on
 - commit_granule_bytes: 65536.
 - commit_granule_words: 8192.
 - virtual_space_node_default_size: 8388608.
 - enlarge_chunks_in_place: 1.
 - use_allocation_guard: 0.


Internal statistics:

num_allocs_failed_limit: 0.
num_arena_births: 258.
num_arena_deaths: 0.
num_vsnodes_births: 2.
num_vsnodes_deaths: 0.
num_space_committed: 152.
num_space_uncommitted: 0.
num_chunks_returned_to_freelist: 0.
num_chunks_taken_from_freelist: 507.
num_chunk_merges: 0.
num_chunk_splits: 315.
num_chunks_enlarged: 211.
num_inconsistent_stats: 0.

CodeHeap 'non-profiled nmethods': size=120064Kb used=931Kb max_used=931Kb free=119132Kb
 bounds [0x00000163d7e30000, 0x00000163d80a0000, 0x00000163df370000]
CodeHeap 'profiled nmethods': size=120000Kb used=3812Kb max_used=3812Kb free=116187Kb
 bounds [0x00000163d0370000, 0x00000163d0730000, 0x00000163d78a0000]
CodeHeap 'non-nmethods': size=5696Kb used=1224Kb max_used=1243Kb free=4471Kb
 bounds [0x00000163d78a0000, 0x00000163d7b10000, 0x00000163d7e30000]
CodeCache: size=245760Kb, used=5967Kb, max_used=5986Kb, free=239790Kb
 total_blobs=2590, nmethods=2099, adapters=398, full_count=0
Compilation: enabled, stopped_count=0, restarted_count=0

Compilation events (20 events):
Event: 54.238 Thread 0x00000163e3b86e20 nmethod 2107 0x00000163d7f18110 code [0x00000163d7f182a0, 0x00000163d7f18368]
Event: 54.239 Thread 0x00000163e3b86e20 2080       1       org.eclipse.osgi.storage.BundleInfo::getLocation (5 bytes)
Event: 54.239 Thread 0x00000163e3b86e20 nmethod 2080 0x00000163d7f18410 code [0x00000163d7f185a0, 0x00000163d7f18668]
Event: 54.239 Thread 0x00000163e3b86e20 2088       1       org.eclipse.osgi.storage.BundleInfo$Generation::getGenerationId (5 bytes)
Event: 54.239 Thread 0x00000163e3b86e20 nmethod 2088 0x00000163d7f18710 code [0x00000163d7f188a0, 0x00000163d7f18968]
Event: 54.239 Thread 0x00000163e3b86e20 2089       1       org.eclipse.osgi.storage.BundleInfo$Generation::getHeaders (5 bytes)
Event: 54.239 Thread 0x00000163e3b86e20 nmethod 2089 0x00000163d7f18a10 code [0x00000163d7f18ba0, 0x00000163d7f18c68]
Event: 55.297 Thread 0x00000163e3b11a50 2105       4       java.util.HashSet::add (20 bytes)
Event: 55.297 Thread 0x00000163e3b86e20 2109       3       java.util.Collections::singleton (9 bytes)
Event: 55.298 Thread 0x00000163e3b86e20 nmethod 2109 0x00000163d0725390 code [0x00000163d0725540, 0x00000163d0725818]
Event: 55.298 Thread 0x00000163e3b86e20 2110       3       java.util.Collections$SingletonSet::iterator (8 bytes)
Event: 55.298 Thread 0x00000163e3b86e20 nmethod 2110 0x00000163d0725990 code [0x00000163d0725b40, 0x00000163d0725de0]
Event: 55.298 Thread 0x00000163e3b86e20 2111       3       java.util.Collections$SingletonMap::hashCode (16 bytes)
Event: 55.299 Thread 0x00000163e3b86e20 nmethod 2111 0x00000163d0725f10 code [0x00000163d07260e0, 0x00000163d07264e0]
Event: 55.299 Thread 0x00000163e3b86e20 2113       3       java.util.AbstractMap$SimpleImmutableEntry::<init> (15 bytes)
Event: 55.299 Thread 0x00000163e3b86e20 nmethod 2113 0x00000163d0726610 code [0x00000163d07267c0, 0x00000163d0726958]
Event: 55.299 Thread 0x00000163e3b86e20 2114       3       java.util.Collections$SingletonMap::entrySet (34 bytes)
Event: 55.299 Thread 0x00000163e3b86e20 nmethod 2114 0x00000163d0726a10 code [0x00000163d0726be0, 0x00000163d07270c8]
Event: 55.300 Thread 0x00000163e3b86e20 2115       3       java.util.Collections$UnmodifiableMap::hashCode (10 bytes)
Event: 55.300 Thread 0x00000163e3b86e20 nmethod 2115 0x00000163d0727290 code [0x00000163d0727440, 0x00000163d0727618]

GC Heap History (4 events):
Event: 14.367 GC heap before
{Heap before GC invocations=1 (full 0):
 PSYoungGen      total 29696K, used 25600K [0x00000000d5580000, 0x00000000d7680000, 0x0000000100000000)
  eden space 25600K, 100% used [0x00000000d5580000,0x00000000d6e80000,0x00000000d6e80000)
  from space 4096K, 0% used [0x00000000d7280000,0x00000000d7280000,0x00000000d7680000)
  to   space 4096K, 0% used [0x00000000d6e80000,0x00000000d6e80000,0x00000000d7280000)
 ParOldGen       total 68608K, used 0K [0x0000000080000000, 0x0000000084300000, 0x00000000d5580000)
  object space 68608K, 0% used [0x0000000080000000,0x0000000080000000,0x0000000084300000)
 Metaspace       used 4296K, committed 4544K, reserved 1114112K
  class space    used 472K, committed 576K, reserved 1048576K
}
Event: 14.487 GC heap after
{Heap after GC invocations=1 (full 0):
 PSYoungGen      total 29696K, used 3335K [0x00000000d5580000, 0x00000000d7680000, 0x0000000100000000)
  eden space 25600K, 0% used [0x00000000d5580000,0x00000000d5580000,0x00000000d6e80000)
  from space 4096K, 81% used [0x00000000d6e80000,0x00000000d71c1e18,0x00000000d7280000)
  to   space 4096K, 0% used [0x00000000d7280000,0x00000000d7280000,0x00000000d7680000)
 ParOldGen       total 68608K, used 0K [0x0000000080000000, 0x0000000084300000, 0x00000000d5580000)
  object space 68608K, 0% used [0x0000000080000000,0x0000000080000000,0x0000000084300000)
 Metaspace       used 4296K, committed 4544K, reserved 1114112K
  class space    used 472K, committed 576K, reserved 1048576K
}
Event: 42.725 GC heap before
{Heap before GC invocations=2 (full 0):
 PSYoungGen      total 29696K, used 28935K [0x00000000d5580000, 0x00000000d7680000, 0x0000000100000000)
  eden space 25600K, 100% used [0x00000000d5580000,0x00000000d6e80000,0x00000000d6e80000)
  from space 4096K, 81% used [0x00000000d6e80000,0x00000000d71c1e18,0x00000000d7280000)
  to   space 4096K, 0% used [0x00000000d7280000,0x00000000d7280000,0x00000000d7680000)
 ParOldGen       total 68608K, used 0K [0x0000000080000000, 0x0000000084300000, 0x00000000d5580000)
  object space 68608K, 0% used [0x0000000080000000,0x0000000080000000,0x0000000084300000)
 Metaspace       used 8011K, committed 8320K, reserved 1114112K
  class space    used 840K, committed 960K, reserved 1048576K
}
Event: 42.750 GC heap after
{Heap after GC invocations=2 (full 0):
 PSYoungGen      total 29696K, used 4087K [0x00000000d5580000, 0x00000000d7680000, 0x0000000100000000)
  eden space 25600K, 0% used [0x00000000d5580000,0x00000000d5580000,0x00000000d6e80000)
  from space 4096K, 99% used [0x00000000d7280000,0x00000000d767de28,0x00000000d7680000)
  to   space 4096K, 0% used [0x00000000d6e80000,0x00000000d6e80000,0x00000000d7280000)
 ParOldGen       total 68608K, used 1728K [0x0000000080000000, 0x0000000084300000, 0x00000000d5580000)
  object space 68608K, 2% used [0x0000000080000000,0x00000000801b0318,0x0000000084300000)
 Metaspace       used 8011K, committed 8320K, reserved 1114112K
  class space    used 840K, committed 960K, reserved 1048576K
}

Dll operation events (9 events):
Event: 0.085 Loaded shared library c:\Users\qwesi\.vscode\extensions\redhat.java-1.46.0-win32-x64\jre\21.0.8-win32-x86_64\bin\java.dll
Event: 1.418 Loaded shared library c:\Users\qwesi\.vscode\extensions\redhat.java-1.46.0-win32-x64\jre\21.0.8-win32-x86_64\bin\zip.dll
Event: 1.684 Loaded shared library C:\Users\qwesi\.vscode\extensions\redhat.java-1.46.0-win32-x64\jre\21.0.8-win32-x86_64\bin\instrument.dll
Event: 1.732 Loaded shared library C:\Users\qwesi\.vscode\extensions\redhat.java-1.46.0-win32-x64\jre\21.0.8-win32-x86_64\bin\net.dll
Event: 1.743 Loaded shared library C:\Users\qwesi\.vscode\extensions\redhat.java-1.46.0-win32-x64\jre\21.0.8-win32-x86_64\bin\nio.dll
Event: 1.752 Loaded shared library C:\Users\qwesi\.vscode\extensions\redhat.java-1.46.0-win32-x64\jre\21.0.8-win32-x86_64\bin\zip.dll
Event: 2.145 Loaded shared library C:\Users\qwesi\.vscode\extensions\redhat.java-1.46.0-win32-x64\jre\21.0.8-win32-x86_64\bin\jimage.dll
Event: 3.299 Loaded shared library c:\Users\qwesi\.vscode\extensions\redhat.java-1.46.0-win32-x64\jre\21.0.8-win32-x86_64\bin\verify.dll
Event: 42.718 Loaded shared library C:\Users\qwesi\AppData\Roaming\Code\User\globalStorage\redhat.java\1.46.0\config_win\org.eclipse.equinox.launcher\org.eclipse.equinox.launcher.win32.win32.x86_64_1.2.1400.v20250801-0854\eclipse_11916.dll

Deoptimization events (20 events):
Event: 43.197 Thread 0x00000163e452c9b0 Uncommon trap: trap_request=0xffffff6e fr.pc=0x00000163d7ea53b4 relative=0x0000000000000374
Event: 43.197 Thread 0x00000163e452c9b0 Uncommon trap: reason=loop_limit_check action=maybe_recompile pc=0x00000163d7ea53b4 method=java.lang.StringLatin1.indexOf([BI[BII)I @ 37 c2
Event: 43.197 Thread 0x00000163e452c9b0 DEOPT PACKING pc=0x00000163d7ea53b4 sp=0x000000624dcfcb60
Event: 43.197 Thread 0x00000163e452c9b0 DEOPT UNPACKING pc=0x00000163d78f3a9c sp=0x000000624dcfcac0 mode 2
Event: 43.435 Thread 0x00000163e452c9b0 Uncommon trap: trap_request=0xffffff45 fr.pc=0x00000163d7eb9734 relative=0x0000000000000094
Event: 43.435 Thread 0x00000163e452c9b0 Uncommon trap: reason=unstable_if action=reinterpret pc=0x00000163d7eb9734 method=java.io.BufferedInputStream.getBufIfOpen(Z)[B @ 13 c2
Event: 43.435 Thread 0x00000163e452c9b0 DEOPT PACKING pc=0x00000163d7eb9734 sp=0x000000624dcfda90
Event: 43.435 Thread 0x00000163e452c9b0 DEOPT UNPACKING pc=0x00000163d78f3a9c sp=0x000000624dcfda10 mode 2
Event: 43.452 Thread 0x00000163e452c9b0 Uncommon trap: trap_request=0xffffff45 fr.pc=0x00000163d7ef0c7c relative=0x0000000000000c3c
Event: 43.452 Thread 0x00000163e452c9b0 Uncommon trap: reason=unstable_if action=reinterpret pc=0x00000163d7ef0c7c method=java.lang.String.<init>(Ljava/nio/charset/Charset;[BII)V @ 6 c2
Event: 43.452 Thread 0x00000163e452c9b0 DEOPT PACKING pc=0x00000163d7ef0c7c sp=0x000000624dcfda20
Event: 43.452 Thread 0x00000163e452c9b0 DEOPT UNPACKING pc=0x00000163d78f3a9c sp=0x000000624dcfd9e0 mode 2
Event: 44.282 Thread 0x00000163e452c9b0 Uncommon trap: trap_request=0xffffff45 fr.pc=0x00000163d7e73874 relative=0x0000000000000054
Event: 44.282 Thread 0x00000163e452c9b0 Uncommon trap: reason=unstable_if action=reinterpret pc=0x00000163d7e73874 method=java.lang.CharacterData.of(I)Ljava/lang/CharacterData; @ 4 c2
Event: 44.282 Thread 0x00000163e452c9b0 DEOPT PACKING pc=0x00000163d7e73874 sp=0x000000624dcfd460
Event: 44.282 Thread 0x00000163e452c9b0 DEOPT UNPACKING pc=0x00000163d78f3a9c sp=0x000000624dcfd3f8 mode 2
Event: 44.435 Thread 0x00000163e452c9b0 Uncommon trap: trap_request=0xffffff45 fr.pc=0x00000163d7ee31b8 relative=0x00000000000009d8
Event: 44.435 Thread 0x00000163e452c9b0 Uncommon trap: reason=unstable_if action=reinterpret pc=0x00000163d7ee31b8 method=java.util.concurrent.ConcurrentHashMap.putVal(Ljava/lang/Object;Ljava/lang/Object;Z)Ljava/lang/Object; @ 148 c2
Event: 44.435 Thread 0x00000163e452c9b0 DEOPT PACKING pc=0x00000163d7ee31b8 sp=0x000000624dcfe110
Event: 44.435 Thread 0x00000163e452c9b0 DEOPT UNPACKING pc=0x00000163d78f3a9c sp=0x000000624dcfe080 mode 2

Classes loaded (20 events):
Event: 44.113 Loading class sun/util/logging/resources/logging_en_US
Event: 44.113 Loading class sun/util/logging/resources/logging_en_US done
Event: 44.113 Loading class sun/util/logging/resources/logging_en_US
Event: 44.113 Loading class sun/util/logging/resources/logging_en_US done
Event: 44.168 Loading class java/util/Formatter$DateTime
Event: 44.169 Loading class java/util/Formatter$DateTime done
Event: 44.169 Loading class java/util/Formatter$FixedString
Event: 44.175 Loading class java/util/Formatter$FixedString done
Event: 44.179 Loading class java/time/ZonedDateTime$1
Event: 44.180 Loading class java/time/ZonedDateTime$1 done
Event: 44.198 Loading class jdk/internal/module/ModulePatcher$PatchedModuleReader
Event: 44.199 Loading class jdk/internal/module/ModulePatcher$PatchedModuleReader done
Event: 44.267 Loading class sun/text/resources/cldr/FormatData_en
Event: 44.267 Loading class sun/text/resources/cldr/FormatData_en done
Event: 44.268 Loading class sun/text/resources/cldr/FormatData_en_US
Event: 44.268 Loading class sun/text/resources/cldr/FormatData_en_US done
Event: 54.205 Loading class java/io/DataOutputStream
Event: 54.206 Loading class java/io/DataOutputStream done
Event: 54.230 Loading class java/util/RegularEnumSet$EnumSetIterator
Event: 54.230 Loading class java/util/RegularEnumSet$EnumSetIterator done

Classes unloaded (0 events):
No events

Classes redefined (0 events):
No events

Internal exceptions (20 events):
Event: 15.152 Thread 0x00000163cd16ba80 Implicit null exception at 0x00000163d7e902a9 to 0x00000163d7e90b1c
Event: 15.152 Thread 0x00000163cd16ba80 Implicit null exception at 0x00000163d7ea101a to 0x00000163d7ea1220
Event: 15.218 Thread 0x00000163cd16ba80 Exception <a 'java/lang/NoSuchMethodError'{0x00000000d575c548}: 'void java.lang.invoke.DirectMethodHandle$Holder.invokeStatic(java.lang.Object, java.lang.Object, java.lang.Object, java.lang.Object)'> (0x00000000d575c548) 
thrown [s\src\hotspot\share\interpreter\linkResolver.cpp, line 773]
Event: 15.234 Thread 0x00000163cd16ba80 Implicit null exception at 0x00000163d7e9db9a to 0x00000163d7e9dda4
Event: 15.234 Thread 0x00000163cd16ba80 Implicit null exception at 0x00000163d7e8f7bd to 0x00000163d7e8f841
Event: 17.210 Thread 0x00000163cd16ba80 Exception <a 'java/lang/NoSuchMethodError'{0x00000000d59f5920}: 'void java.lang.invoke.DirectMethodHandle$Holder.invokeSpecial(java.lang.Object, java.lang.Object, java.lang.Object)'> (0x00000000d59f5920) 
thrown [s\src\hotspot\share\interpreter\linkResolver.cpp, line 773]
Event: 21.316 Thread 0x00000163cd16ba80 Exception <a 'java/lang/NoSuchMethodError'{0x00000000d63fdbb8}: 'int java.lang.invoke.DirectMethodHandle$Holder.invokeVirtual(java.lang.Object, java.lang.Object)'> (0x00000000d63fdbb8) 
thrown [s\src\hotspot\share\interpreter\linkResolver.cpp, line 773]
Event: 22.165 Thread 0x00000163cd16ba80 Exception <a 'java/lang/NoSuchMethodError'{0x00000000d657fee8}: 'int java.lang.invoke.DirectMethodHandle$Holder.invokeStaticInit(java.lang.Object, java.lang.Object, java.lang.Object, java.lang.Object)'> (0x00000000d657fee8) 
thrown [s\src\hotspot\share\interpreter\linkResolver.cpp, line 773]
Event: 22.174 Thread 0x00000163cd16ba80 Exception <a 'java/lang/IncompatibleClassChangeError'{0x00000000d65885b8}: Found class java.lang.Object, but interface was expected> (0x00000000d65885b8) 
thrown [s\src\hotspot\share\interpreter\linkResolver.cpp, line 840]
Event: 22.206 Thread 0x00000163cd16ba80 Exception <a 'java/lang/NoSuchMethodError'{0x00000000d658ebe8}: 'void java.lang.invoke.DirectMethodHandle$Holder.invokeStaticInit(java.lang.Object, java.lang.Object)'> (0x00000000d658ebe8) 
thrown [s\src\hotspot\share\interpreter\linkResolver.cpp, line 773]
Event: 22.208 Thread 0x00000163cd16ba80 Exception <a 'java/lang/NoSuchMethodError'{0x00000000d6597e40}: 'int java.lang.invoke.DirectMethodHandle$Holder.invokeStaticInit(java.lang.Object, java.lang.Object)'> (0x00000000d6597e40) 
thrown [s\src\hotspot\share\interpreter\linkResolver.cpp, line 773]
Event: 23.285 Thread 0x00000163cd16ba80 Exception <a 'java/lang/NoSuchMethodError'{0x00000000d67e1cb8}: 'java.lang.Object java.lang.invoke.DirectMethodHandle$Holder.newInvokeSpecial(java.lang.Object, int, java.lang.Object)'> (0x00000000d67e1cb8) 
thrown [s\src\hotspot\share\interpreter\linkResolver.cpp, line 773]
Event: 23.479 Thread 0x00000163cd16ba80 Exception <a 'java/lang/ClassNotFoundException'{0x00000000d69fdee8}: sun/net/www/protocol/plurl/Handler> (0x00000000d69fdee8) 
thrown [s\src\hotspot\share\classfile\systemDictionary.cpp, line 312]
Event: 23.480 Thread 0x00000163cd16ba80 Exception <a 'java/lang/ClassNotFoundException'{0x00000000d69fed68}: sun/net/www/protocol/plurl/Handler> (0x00000000d69fed68) 
thrown [s\src\hotspot\share\classfile\systemDictionary.cpp, line 312]
Event: 42.417 Thread 0x00000163cd16ba80 Exception <a 'java/lang/UnsatisfiedLinkError'{0x00000000d6e51410}: 'void org.eclipse.equinox.launcher.JNIBridge._update_splash()'> (0x00000000d6e51410) 
thrown [s\src\hotspot\share\prims\nativeLookup.cpp, line 415]
Event: 43.020 Thread 0x00000163e4281da0 Exception <a 'java/lang/NoSuchMethodError'{0x00000000d587a7c8}: 'void java.lang.invoke.DirectMethodHandle$Holder.invokeInterface(java.lang.Object, java.lang.Object, java.lang.Object)'> (0x00000000d587a7c8) 
thrown [s\src\hotspot\share\interpreter\linkResolver.cpp, line 773]
Event: 43.815 Thread 0x00000163e452c9b0 Exception <a 'java/lang/NoSuchMethodError'{0x00000000d5c37c60}: 'java.lang.Object java.lang.invoke.DirectMethodHandle$Holder.newInvokeSpecial(java.lang.Object, java.lang.Object, int, java.lang.Object)'> (0x00000000d5c37c60) 
thrown [s\src\hotspot\share\interpreter\linkResolver.cpp, line 773]
Event: 43.816 Thread 0x00000163e452c9b0 Exception <a 'java/lang/NoSuchMethodError'{0x00000000d5c3bad0}: 'java.lang.Object java.lang.invoke.DirectMethodHandle$Holder.invokeSpecial(java.lang.Object, java.lang.Object, java.lang.Object, int, java.lang.Object)'> (0x00000000d5c3bad0) 
thrown [s\src\hotspot\share\interpreter\linkResolver.cpp, line 773]
Event: 43.883 Thread 0x00000163e452c9b0 Exception <a 'java/lang/NoClassDefFoundError'{0x00000000d5cdc3c8}: jakarta/servlet/ServletContainerInitializer> (0x00000000d5cdc3c8) 
thrown [s\src\hotspot\share\classfile\systemDictionary.cpp, line 301]
Event: 44.101 Thread 0x00000163e452c9b0 Exception <a 'java/lang/ClassNotFoundException'{0x00000000d5e373c8}: sun/util/logging/resources/spi/loggingProvider> (0x00000000d5e373c8) 
thrown [s\src\hotspot\share\classfile\systemDictionary.cpp, line 312]

ZGC Phase Switch (0 events):
No events

VM Operations (20 events):
Event: 23.466 Executing VM operation: HandshakeAllThreads (Deoptimize)
Event: 23.466 Executing VM operation: HandshakeAllThreads (Deoptimize) done
Event: 24.468 Executing VM operation: Cleanup
Event: 24.469 Executing VM operation: Cleanup done
Event: 42.725 Executing VM operation: ParallelGCFailedAllocation (Allocation Failure)
Event: 42.750 Executing VM operation: ParallelGCFailedAllocation (Allocation Failure) done
Event: 43.757 Executing VM operation: Cleanup
Event: 43.788 Executing VM operation: Cleanup done
Event: 44.033 Executing VM operation: HandshakeAllThreads (Deoptimize)
Event: 44.033 Executing VM operation: HandshakeAllThreads (Deoptimize) done
Event: 44.200 Executing VM operation: HandshakeAllThreads (Deoptimize)
Event: 44.200 Executing VM operation: HandshakeAllThreads (Deoptimize) done
Event: 44.376 Executing VM operation: HandshakeAllThreads (Deoptimize)
Event: 44.376 Executing VM operation: HandshakeAllThreads (Deoptimize) done
Event: 44.434 Executing VM operation: HandshakeAllThreads (Deoptimize)
Event: 44.434 Executing VM operation: HandshakeAllThreads (Deoptimize) done
Event: 45.437 Executing VM operation: Cleanup
Event: 45.437 Executing VM operation: Cleanup done
Event: 54.649 Executing VM operation: Cleanup
Event: 54.649 Executing VM operation: Cleanup done

Memory protections (0 events):
No events

Nmethod flushes (0 events):
No events

Events (15 events):
Event: 0.269 Thread 0x00000163cd16ba80 Thread added: 0x00000163cd16ba80
Event: 0.450 Thread 0x00000163cd16ba80 Thread added: 0x00000163e3b06880
Event: 0.451 Thread 0x00000163cd16ba80 Thread added: 0x00000163e3b07e00
Event: 0.465 Thread 0x00000163cd16ba80 Thread added: 0x00000163e3b0b810
Event: 0.465 Thread 0x00000163cd16ba80 Thread added: 0x00000163e3b0e370
Event: 0.469 Thread 0x00000163cd16ba80 Thread added: 0x00000163e3b0edc0
Event: 0.469 Thread 0x00000163cd16ba80 Thread added: 0x00000163e3b10c20
Event: 0.469 Thread 0x00000163cd16ba80 Thread added: 0x00000163e3b11a50
Event: 0.498 Thread 0x00000163cd16ba80 Thread added: 0x00000163e3b86e20
Event: 1.077 Thread 0x00000163cd16ba80 Thread added: 0x00000163e3c01030
Event: 6.334 Thread 0x00000163cd16ba80 Thread added: 0x00000163e4391ab0
Event: 22.709 Thread 0x00000163cd16ba80 Thread added: 0x00000163e4232ec0
Event: 42.402 Thread 0x00000163cd16ba80 Thread added: 0x00000163e4281da0
Event: 43.027 Thread 0x00000163e4281da0 Thread added: 0x00000163e452c350
Event: 43.085 Thread 0x00000163cd16ba80 Thread added: 0x00000163e452c9b0


Dynamic libraries:
0x00007ff75a8e0000 - 0x00007ff75a8ee000 	c:\Users\qwesi\.vscode\extensions\redhat.java-1.46.0-win32-x64\jre\21.0.8-win32-x86_64\bin\java.exe
0x00007ffbd8ee0000 - 0x00007ffbd90e7000 	C:\WINDOWS\SYSTEM32\ntdll.dll
0x00007ffbd8030000 - 0x00007ffbd80ed000 	C:\WINDOWS\System32\KERNEL32.DLL
0x00007ffbd6440000 - 0x00007ffbd67b4000 	C:\WINDOWS\System32\KERNELBASE.dll
0x00007ffbd6860000 - 0x00007ffbd6971000 	C:\WINDOWS\System32\ucrtbase.dll
0x00007ffbc11b0000 - 0x00007ffbc11c8000 	c:\Users\qwesi\.vscode\extensions\redhat.java-1.46.0-win32-x64\jre\21.0.8-win32-x86_64\bin\jli.dll
0x00007ffbd73c0000 - 0x00007ffbd756c000 	C:\WINDOWS\System32\USER32.dll
0x00007ffbd67c0000 - 0x00007ffbd67e6000 	C:\WINDOWS\System32\win32u.dll
0x00007ffbd8d10000 - 0x00007ffbd8d39000 	C:\WINDOWS\System32\GDI32.dll
0x00007ffbd6af0000 - 0x00007ffbd6c02000 	C:\WINDOWS\System32\gdi32full.dll
0x00007ffbd6cd0000 - 0x00007ffbd6d6d000 	C:\WINDOWS\System32\msvcp_win.dll
0x00007ffbbae00000 - 0x00007ffbbae1e000 	c:\Users\qwesi\.vscode\extensions\redhat.java-1.46.0-win32-x64\jre\21.0.8-win32-x86_64\bin\VCRUNTIME140.dll
0x00007ffbc2b00000 - 0x00007ffbc2da5000 	C:\WINDOWS\WinSxS\amd64_microsoft.windows.common-controls_6595b64144ccf1df_6.0.22000.120_none_9d947278b86cc467\COMCTL32.dll
0x00007ffbd77d0000 - 0x00007ffbd7873000 	C:\WINDOWS\System32\msvcrt.dll
0x00007ffbd8e60000 - 0x00007ffbd8e91000 	C:\WINDOWS\System32\IMM32.DLL
0x00007ffbc3c00000 - 0x00007ffbc3c0c000 	c:\Users\qwesi\.vscode\extensions\redhat.java-1.46.0-win32-x64\jre\21.0.8-win32-x86_64\bin\vcruntime140_1.dll
0x00007ffb98290000 - 0x00007ffb9831d000 	c:\Users\qwesi\.vscode\extensions\redhat.java-1.46.0-win32-x64\jre\21.0.8-win32-x86_64\bin\msvcp140.dll
0x00007ffb5ba20000 - 0x00007ffb5c7b7000 	c:\Users\qwesi\.vscode\extensions\redhat.java-1.46.0-win32-x64\jre\21.0.8-win32-x86_64\bin\server\jvm.dll
0x00007ffbd89a0000 - 0x00007ffbd8a4c000 	C:\WINDOWS\System32\ADVAPI32.dll
0x00007ffbd8900000 - 0x00007ffbd899d000 	C:\WINDOWS\System32\sechost.dll
0x00007ffbd87d0000 - 0x00007ffbd88f1000 	C:\WINDOWS\System32\RPCRT4.dll
0x00007ffbd7280000 - 0x00007ffbd72ef000 	C:\WINDOWS\System32\WS2_32.dll
0x00007ffbd6290000 - 0x00007ffbd62dd000 	C:\WINDOWS\SYSTEM32\POWRPROF.dll
0x00007ffbce500000 - 0x00007ffbce533000 	C:\WINDOWS\SYSTEM32\WINMM.dll
0x00007ffbc7730000 - 0x00007ffbc773a000 	C:\WINDOWS\SYSTEM32\VERSION.dll
0x00007ffbd61c0000 - 0x00007ffbd61d3000 	C:\WINDOWS\SYSTEM32\UMPDC.dll
0x00007ffbd54e0000 - 0x00007ffbd54f8000 	C:\WINDOWS\SYSTEM32\kernel.appcore.dll
0x00007ffbc14d0000 - 0x00007ffbc14da000 	c:\Users\qwesi\.vscode\extensions\redhat.java-1.46.0-win32-x64\jre\21.0.8-win32-x86_64\bin\jimage.dll
0x00007ffbd3f60000 - 0x00007ffbd4181000 	C:\WINDOWS\SYSTEM32\DBGHELP.DLL
0x00007ffbc8a80000 - 0x00007ffbc8ab1000 	C:\WINDOWS\SYSTEM32\dbgcore.DLL
0x00007ffbd63c0000 - 0x00007ffbd643f000 	C:\WINDOWS\System32\bcryptPrimitives.dll
0x00007ffbc11a0000 - 0x00007ffbc11af000 	c:\Users\qwesi\.vscode\extensions\redhat.java-1.46.0-win32-x64\jre\21.0.8-win32-x86_64\bin\instrument.dll
0x00007ffbb7f90000 - 0x00007ffbb7faf000 	c:\Users\qwesi\.vscode\extensions\redhat.java-1.46.0-win32-x64\jre\21.0.8-win32-x86_64\bin\java.dll
0x00007ffbd7880000 - 0x00007ffbd802e000 	C:\WINDOWS\System32\SHELL32.dll
0x00007ffbd4560000 - 0x00007ffbd4dc7000 	C:\WINDOWS\SYSTEM32\windows.storage.dll
0x00007ffbd6e80000 - 0x00007ffbd71f8000 	C:\WINDOWS\System32\combase.dll
0x00007ffbd43f0000 - 0x00007ffbd4556000 	C:\WINDOWS\SYSTEM32\wintypes.dll
0x00007ffbd7570000 - 0x00007ffbd765a000 	C:\WINDOWS\System32\SHCORE.dll
0x00007ffbd8770000 - 0x00007ffbd87cd000 	C:\WINDOWS\System32\shlwapi.dll
0x00007ffbd62f0000 - 0x00007ffbd6311000 	C:\WINDOWS\SYSTEM32\profapi.dll
0x00007ffbaec20000 - 0x00007ffbaec38000 	c:\Users\qwesi\.vscode\extensions\redhat.java-1.46.0-win32-x64\jre\21.0.8-win32-x86_64\bin\zip.dll
0x00007ffbc0fb0000 - 0x00007ffbc0fc0000 	C:\Users\qwesi\.vscode\extensions\redhat.java-1.46.0-win32-x64\jre\21.0.8-win32-x86_64\bin\net.dll
0x00007ffbce9c0000 - 0x00007ffbceacc000 	C:\WINDOWS\SYSTEM32\WINHTTP.dll
0x00007ffbd58f0000 - 0x00007ffbd5957000 	C:\WINDOWS\system32\mswsock.dll
0x00007ffba9b90000 - 0x00007ffba9ba6000 	C:\Users\qwesi\.vscode\extensions\redhat.java-1.46.0-win32-x64\jre\21.0.8-win32-x86_64\bin\nio.dll
0x00007ffbb8b70000 - 0x00007ffbb8b80000 	c:\Users\qwesi\.vscode\extensions\redhat.java-1.46.0-win32-x64\jre\21.0.8-win32-x86_64\bin\verify.dll
0x00007ffbbae30000 - 0x00007ffbbae74000 	C:\Users\qwesi\AppData\Roaming\Code\User\globalStorage\redhat.java\1.46.0\config_win\org.eclipse.equinox.launcher\org.eclipse.equinox.launcher.win32.win32.x86_64_1.2.1400.v20250801-0854\eclipse_11916.dll
0x00007ffbd80f0000 - 0x00007ffbd828a000 	C:\WINDOWS\System32\ole32.dll

JVMTI agents:
c:\Users\qwesi\.vscode\extensions\redhat.java-1.46.0-win32-x64\lombok\lombok-1.18.39-4050.jar path:c:\Users\qwesi\.vscode\extensions\redhat.java-1.46.0-win32-x64\jre\21.0.8-win32-x86_64\bin\instrument.dll, loaded, initialized, instrumentlib options:none

dbghelp: loaded successfully - version: 4.0.5 - missing functions: none
symbol engine: initialized successfully - sym options: 0x614 - pdb path: .;c:\Users\qwesi\.vscode\extensions\redhat.java-1.46.0-win32-x64\jre\21.0.8-win32-x86_64\bin;C:\WINDOWS\SYSTEM32;C:\WINDOWS\WinSxS\amd64_microsoft.windows.common-controls_6595b64144ccf1df_6.0.22000.120_none_9d947278b86cc467;c:\Users\qwesi\.vscode\extensions\redhat.java-1.46.0-win32-x64\jre\21.0.8-win32-x86_64\bin\server;C:\Users\qwesi\AppData\Roaming\Code\User\globalStorage\redhat.java\1.46.0\config_win\org.eclipse.equinox.launcher\org.eclipse.equinox.launcher.win32.win32.x86_64_1.2.1400.v20250801-0854

VM Arguments:
jvm_args: --add-modules=ALL-SYSTEM --add-opens=java.base/java.util=ALL-UNNAMED --add-opens=java.base/java.lang=ALL-UNNAMED --add-opens=java.base/sun.nio.fs=ALL-UNNAMED -Declipse.application=org.eclipse.jdt.ls.core.id1 -Dosgi.bundles.defaultStartLevel=4 -Declipse.product=org.eclipse.jdt.ls.core.product -Djava.import.generatesMetadataFilesAtProjectRoot=false -DDetectVMInstallationsJob.disabled=true -Dfile.encoding=utf8 -XX:+UseParallelGC -XX:GCTimeRatio=4 -XX:AdaptiveSizePolicyWeight=90 -Dsun.zip.disableMemoryMapping=true -Xmx2G -Xms100m -Xlog:disable -javaagent:c:\Users\qwesi\.vscode\extensions\redhat.java-1.46.0-win32-x64\lombok\lombok-1.18.39-4050.jar -XX:+HeapDumpOnOutOfMemoryError -XX:HeapDumpPath=c:\Users\qwesi\AppData\Roaming\Code\User\workspaceStorage\d4f70dcdbf749b9a43e054d05833256d\redhat.java -Daether.dependencyCollector.impl=bf 
java_command: c:\Users\qwesi\.vscode\extensions\redhat.java-1.46.0-win32-x64\server\plugins\org.eclipse.equinox.launcher_1.7.0.v20250519-0528.jar -configuration c:\Users\qwesi\AppData\Roaming\Code\User\globalStorage\redhat.java\1.46.0\config_win -data c:\Users\qwesi\AppData\Roaming\Code\User\workspaceStorage\d4f70dcdbf749b9a43e054d05833256d\redhat.java\jdt_ws --pipe=\\.\pipe\lsp-5134b8de0363ea0e77d2fa447b2dc522-sock
java_class_path (initial): c:\Users\qwesi\.vscode\extensions\redhat.java-1.46.0-win32-x64\server\plugins\org.eclipse.equinox.launcher_1.7.0.v20250519-0528.jar
Launcher Type: SUN_STANDARD

[Global flags]
    uintx AdaptiveSizePolicyWeight                 = 90                                        {product} {command line}
     intx CICompilerCount                          = 2                                         {product} {ergonomic}
    uintx GCTimeRatio                              = 4                                         {product} {command line}
     bool HeapDumpOnOutOfMemoryError               = true                                   {manageable} {command line}
    ccstr HeapDumpPath                             = c:\Users\qwesi\AppData\Roaming\Code\User\workspaceStorage\d4f70dcdbf749b9a43e054d05833256d\redhat.java         {manageable} {command line}
   size_t InitialHeapSize                          = 104857600                                 {product} {command line}
   size_t MaxHeapSize                              = 2147483648                                {product} {command line}
   size_t MaxNewSize                               = 715653120                                 {product} {ergonomic}
   size_t MinHeapDeltaBytes                        = 524288                                    {product} {ergonomic}
   size_t MinHeapSize                              = 104857600                                 {product} {command line}
   size_t NewSize                                  = 34603008                                  {product} {ergonomic}
    uintx NonNMethodCodeHeapSize                   = 5826188                                {pd product} {ergonomic}
    uintx NonProfiledCodeHeapSize                  = 122916026                              {pd product} {ergonomic}
   size_t OldSize                                  = 70254592                                  {product} {ergonomic}
    uintx ProfiledCodeHeapSize                     = 122916026                              {pd product} {ergonomic}
    uintx ReservedCodeCacheSize                    = 251658240                              {pd product} {ergonomic}
     bool SegmentedCodeCache                       = true                                      {product} {ergonomic}
   size_t SoftMaxHeapSize                          = 2147483648                             {manageable} {ergonomic}
     bool UseCompressedOops                        = true                           {product lp64_product} {ergonomic}
     bool UseLargePagesIndividualAllocation        = false                                  {pd product} {ergonomic}
     bool UseParallelGC                            = true                                      {product} {command line}

Logging:
Log output configuration:
 #0: stdout all=off uptime,level,tags foldmultilines=false
 #1: stderr all=off uptime,level,tags foldmultilines=false

Environment Variables:
PATH=C:\Program Files\Common Files\Oracle\Java\javapath;C:\WINDOWS\system32;C:\WINDOWS;C:\WINDOWS\System32\Wbem;C:\WINDOWS\System32\WindowsPowerShell\v1.0\;C:\WINDOWS\System32\OpenSSH\;C:\Program Files\nodejs\;C:\Program Files\Git\cmd;C:\Program Files\Git\cmd;C:\Users\qwesi\AppData\Local\Android\Sdk\platform-tools;C:\Program Files\dotnet\;C:\Users\qwesi\AppData\Local\Microsoft\WindowsApps;C:\Users\qwesi\AppData\Local\Programs\Microsoft VS Code\bin;C:\Users\qwesi\AppData\Roaming\npm;C:\Program Files\JetBrains\IntelliJ IDEA Community Edition 2025.2.3\bin;C:\Users\qwesi\.dotnet\tools
USERNAME=qwesi
OS=Windows_NT
PROCESSOR_IDENTIFIER=Intel64 Family 6 Model 122 Stepping 8, GenuineIntel
TMP=C:\Users\qwesi\AppData\Local\Temp
TEMP=C:\Users\qwesi\AppData\Local\Temp




Periodic native trim disabled

---------------  S Y S T E M  ---------------

OS:
 Windows 11 , 64 bit Build 22000 (10.0.22000.318)
OS uptime: 1 days 0:21 hours

CPU: total 2 (initial active 2) (2 cores per cpu, 1 threads per core) family 6 model 122 stepping 8 microcode 0x18, cx8, cmov, fxsr, mmx, 3dnowpref, sse, sse2, sse3, ssse3, sse4.1, sse4.2, popcnt, tsc, tscinvbit, aes, erms, clmul, sha, clflush, clflushopt, rdtscp, rdpid
Processor Information for the first 2 processors :
  Max Mhz: 1101, Current Mhz: 1101, Mhz Limit: 1101

Memory: 4k page, system-wide physical 3916M (334M free)
TotalPageFile size 15692M (AvailPageFile size 2M)
current process WorkingSet (physical memory assigned to process): 87M, peak: 91M
current process commit charge ("private bytes"): 220M, peak: 220M

vm_info: OpenJDK 64-Bit Server VM (21.0.8+9-LTS) for windows-amd64 JRE (21.0.8+9-LTS), built on 2025-07-15T00:00:00Z by "admin" with MS VC++ 17.7 (VS2022)

END.
